
> live-battle-room@0.1.0 dev /workspace/projects/live-battle-room
> next dev

⚠ Warning: Next.js inferred your workspace root, but it may not be correct.
 We detected multiple lockfiles and selected the directory of /pnpm-lock.yaml as the root directory.
 To silence this warning, set `turbopack.root` in your Next.js config, or consider removing one of the lockfiles if it's not needed.
   See https://nextjs.org/docs/app/api-reference/config/next-config-js/turbopack#root-directory for more information.
 Detected additional lockfiles: 
   * /workspace/projects/live-battle-room/pnpm-lock.yaml

▲ Next.js 16.1.6 (Turbopack)
- Local:         http://localhost:3000
- Network:       http://10.155.251.116:3000
- Environments: .env.local

✓ Starting...
✓ Ready in 466ms
 HEAD / 200 in 583ms (compile: 326ms, render: 257ms)
 GET / 200 in 40ms (compile: 3ms, render: 37ms)
 GET / 200 in 34ms (compile: 3ms, render: 31ms)
 GET /api/health 404 in 454ms (compile: 370ms, render: 84ms)
 GET / 200 in 37ms (compile: 3ms, render: 33ms)
 GET / 200 in 33ms (compile: 2ms, render: 31ms)
 GET / 200 in 31ms (compile: 1427µs, render: 30ms)
 GET / 200 in 25ms (compile: 1870µs, render: 23ms)
 GET / 200 in 32ms (compile: 5ms, render: 27ms)
 HEAD / 200 in 24ms (compile: 2ms, render: 22ms)
 GET / 200 in 219ms (compile: 35ms, render: 183ms)
 HEAD / 200 in 31ms (compile: 3ms, render: 29ms)
 GET / 200 in 33ms (compile: 2ms, render: 31ms)
 GET / 200 in 28ms (compile: 1690µs, render: 26ms)
 GET / 200 in 28ms (compile: 1992µs, render: 26ms)
⚠ Found a change in next.config.ts. Restarting the server to apply the changes...
⚠ Invalid next.config.ts options detected: 
⚠     Unrecognized key(s) in object: 'swcMinify'
⚠ See more info here: https://nextjs.org/docs/messages/invalid-next-config
⚠ Warning: Next.js inferred your workspace root, but it may not be correct.
 We detected multiple lockfiles and selected the directory of /pnpm-lock.yaml as the root directory.
 To silence this warning, set `turbopack.root` in your Next.js config, or consider removing one of the lockfiles if it's not needed.
   See https://nextjs.org/docs/app/api-reference/config/next-config-js/turbopack#root-directory for more information.
 Detected additional lockfiles: 
   * /workspace/projects/live-battle-room/pnpm-lock.yaml

▲ Next.js 16.1.6 (Turbopack)
- Local:         http://localhost:3000
- Network:       http://10.155.251.116:3000
- Environments: .env.local
- Experiments (use with caution):
  · optimizePackageImports

✓ Starting...
✓ Ready in 500ms
⚠ Found a change in next.config.ts. Restarting the server to apply the changes...
⚠ Warning: Next.js inferred your workspace root, but it may not be correct.
 We detected multiple lockfiles and selected the directory of /pnpm-lock.yaml as the root directory.
 To silence this warning, set `turbopack.root` in your Next.js config, or consider removing one of the lockfiles if it's not needed.
   See https://nextjs.org/docs/app/api-reference/config/next-config-js/turbopack#root-directory for more information.
 Detected additional lockfiles: 
   * /workspace/projects/live-battle-room/pnpm-lock.yaml

▲ Next.js 16.1.6 (Turbopack)
- Local:         http://localhost:3000
- Network:       http://10.155.251.116:3000
- Environments: .env.local
- Experiments (use with caution):
  · optimizePackageImports

✓ Starting...
✓ Ready in 495ms
⚠ Found a change in next.config.js. Restarting the server to apply the changes...
⚠ Warning: Next.js inferred your workspace root, but it may not be correct.
 We detected multiple lockfiles and selected the directory of /pnpm-lock.yaml as the root directory.
 To silence this warning, set `turbopack.root` in your Next.js config, or consider removing one of the lockfiles if it's not needed.
   See https://nextjs.org/docs/app/api-reference/config/next-config-js/turbopack#root-directory for more information.
 Detected additional lockfiles: 
   * /workspace/projects/live-battle-room/pnpm-lock.yaml

▲ Next.js 16.1.6 (Turbopack)
- Local:         http://localhost:3000
- Network:       http://10.155.251.116:3000
- Environments: .env.local
- Experiments (use with caution):
  · optimizePackageImports

✓ Starting...
✓ Ready in 422ms
Error: Turbopack build failed with 1 errors:
./workspace/projects/live-battle-room/src/app
Error: Next.js inferred your workspace root, but it may not be correct.
    We couldn't find the Next.js package (next/package.json) from the project directory: /workspace/projects/live-battle-room/src/app
     To fix this, set turbopack.root in your Next.js config, or ensure the Next.js package is resolvable from this directory.
    Note: For security and performance reasons, files outside of the project directory will not be compiled.
    See https://nextjs.org/docs/app/api-reference/config/next-config-js/turbopack#root-directory for more information.

    at ignore-listed frames
[?25h
 ELIFECYCLE  Command failed with exit code 1.
 WARN   Local package.json exists, but node_modules missing, did you mean to install?
