═══════════════════════════════════════════════════
✅ 隧道创建成功！
═══════════════════════════════════════════════════

📱 访问地址:
   https://3b780814ed1d3a15-115-190-96-115.serveousercontent.com

💡 在浏览器中打开上述地址即可访问"一站式直播作战室"

═══════════════════════════════════════════════════

应用功能：
- ROI 财务计算
- 流量诊断
- 话术生成
- 钉钉推送
- 方案导出

已配置 API：
- Coze BOT: 7607002201290211382
- Coze Token: 已配置
- 钉钉 Webhook: 已配置

═══════════════════════════════════════════════════

⚠️  注意：
- 隧道会保持连接，请不要关闭这个终端
- 如果隧道断开，重新运行创建隧道命令
- 隧道地址是临时的，每次创建会不同

═══════════════════════════════════════════════════
